2024-04-22 04:24:34.133 UTC [1786] LOG:  starting PostgreSQL 13.14 (Ubuntu 13.14-1.pgdg20.04+1) on aarch64-unknown-linux-gnu, compiled by gcc (Ubuntu 9.4.0-1ubuntu1~20.04.2) 9.4.0, 64-bit
2024-04-22 04:24:34.134 UTC [1786] LOG:  listening on IPv4 address "127.0.0.1", port 5432
2024-04-22 04:24:34.202 UTC [1786] LOG:  listening on Unix socket "/tmp/appsmith/pg-runtime/.s.PGSQL.5432"
2024-04-22 04:24:34.241 UTC [1803] LOG:  database system was shut down at 2024-04-22 04:24:33 UTC
2024-04-22 04:24:34.271 UTC [1786] LOG:  database system is ready to accept connections
2024-04-22 04:34:48.809 UTC [1536] LOG:  starting PostgreSQL 13.14 (Ubuntu 13.14-1.pgdg20.04+1) on aarch64-unknown-linux-gnu, compiled by gcc (Ubuntu 9.4.0-1ubuntu1~20.04.2) 9.4.0, 64-bit
2024-04-22 04:34:48.809 UTC [1536] LOG:  listening on IPv4 address "127.0.0.1", port 5432
2024-04-22 04:34:48.815 UTC [1536] LOG:  listening on Unix socket "/tmp/appsmith/pg-runtime/.s.PGSQL.5432"
2024-04-22 04:34:48.832 UTC [1588] LOG:  database system was interrupted; last known up at 2024-04-22 04:29:37 UTC
2024-04-22 04:34:49.447 UTC [1588] LOG:  database system was not properly shut down; automatic recovery in progress
2024-04-22 04:34:49.452 UTC [1588] LOG:  redo starts at 0/15C95E8
2024-04-22 04:34:49.452 UTC [1588] LOG:  invalid record length at 0/15C96D0: wanted 24, got 0
2024-04-22 04:34:49.452 UTC [1588] LOG:  redo done at 0/15C9698
2024-04-22 04:34:49.470 UTC [1536] LOG:  database system is ready to accept connections
2024-04-22 04:35:13.244 UTC [1536] LOG:  received smart shutdown request
2024-04-22 04:35:13.252 UTC [1536] LOG:  background worker "logical replication launcher" (PID 1627) exited with exit code 1
2024-04-22 04:35:13.253 UTC [1622] LOG:  shutting down
2024-04-22 04:35:13.275 UTC [1536] LOG:  database system is shut down
2024-04-22 04:58:38.734 UTC [1520] LOG:  starting PostgreSQL 13.14 (Ubuntu 13.14-1.pgdg20.04+1) on aarch64-unknown-linux-gnu, compiled by gcc (Ubuntu 9.4.0-1ubuntu1~20.04.2) 9.4.0, 64-bit
2024-04-22 04:58:38.734 UTC [1520] LOG:  listening on IPv4 address "127.0.0.1", port 5432
2024-04-22 04:58:38.740 UTC [1520] LOG:  listening on Unix socket "/tmp/appsmith/pg-runtime/.s.PGSQL.5432"
2024-04-22 04:58:38.751 UTC [1563] LOG:  database system was shut down at 2024-04-22 04:35:13 UTC
2024-04-22 04:58:38.766 UTC [1520] LOG:  database system is ready to accept connections
2024-04-22 06:30:48.835 UTC [1520] LOG:  received smart shutdown request
2024-04-22 06:30:48.853 UTC [1520] LOG:  background worker "logical replication launcher" (PID 1569) exited with exit code 1
2024-04-22 06:30:48.854 UTC [1564] LOG:  shutting down
2024-04-22 06:30:48.877 UTC [1520] LOG:  database system is shut down
2024-04-22 06:30:58.451 UTC [1517] LOG:  starting PostgreSQL 13.14 (Ubuntu 13.14-1.pgdg20.04+1) on aarch64-unknown-linux-gnu, compiled by gcc (Ubuntu 9.4.0-1ubuntu1~20.04.2) 9.4.0, 64-bit
2024-04-22 06:30:58.451 UTC [1517] LOG:  listening on IPv4 address "127.0.0.1", port 5432
2024-04-22 06:30:58.453 UTC [1517] LOG:  listening on Unix socket "/tmp/appsmith/pg-runtime/.s.PGSQL.5432"
2024-04-22 06:30:58.462 UTC [1545] LOG:  database system was shut down at 2024-04-22 06:30:48 UTC
2024-04-22 06:30:58.471 UTC [1517] LOG:  database system is ready to accept connections
2024-04-22 06:31:02.219 UTC [1517] LOG:  received smart shutdown request
2024-04-22 06:31:02.237 UTC [1517] LOG:  background worker "logical replication launcher" (PID 1555) exited with exit code 1
2024-04-22 06:31:02.237 UTC [1546] LOG:  shutting down
2024-04-22 06:31:02.325 UTC [1517] LOG:  database system is shut down
2024-04-22 06:32:58.346 UTC [1540] LOG:  starting PostgreSQL 13.14 (Ubuntu 13.14-1.pgdg20.04+1) on aarch64-unknown-linux-gnu, compiled by gcc (Ubuntu 9.4.0-1ubuntu1~20.04.2) 9.4.0, 64-bit
2024-04-22 06:32:58.346 UTC [1540] LOG:  listening on IPv4 address "127.0.0.1", port 5432
2024-04-22 06:32:58.351 UTC [1540] LOG:  listening on Unix socket "/tmp/appsmith/pg-runtime/.s.PGSQL.5432"
2024-04-22 06:32:58.360 UTC [1564] LOG:  database system was shut down at 2024-04-22 06:31:02 UTC
2024-04-22 06:32:58.371 UTC [1540] LOG:  database system is ready to accept connections
2024-04-22 17:50:52.919 UTC [1540] LOG:  received smart shutdown request
2024-04-22 17:50:52.932 UTC [1540] LOG:  background worker "logical replication launcher" (PID 1573) exited with exit code 1
2024-04-22 17:50:52.933 UTC [1568] LOG:  shutting down
2024-04-22 17:50:52.951 UTC [1540] LOG:  database system is shut down
2024-04-23 02:03:10.438 UTC [1519] LOG:  starting PostgreSQL 13.14 (Ubuntu 13.14-1.pgdg20.04+1) on aarch64-unknown-linux-gnu, compiled by gcc (Ubuntu 9.4.0-1ubuntu1~20.04.2) 9.4.0, 64-bit
2024-04-23 02:03:10.438 UTC [1519] LOG:  listening on IPv4 address "127.0.0.1", port 5432
2024-04-23 02:03:10.446 UTC [1519] LOG:  listening on Unix socket "/tmp/appsmith/pg-runtime/.s.PGSQL.5432"
2024-04-23 02:03:10.473 UTC [1576] LOG:  database system was shut down at 2024-04-22 17:50:52 UTC
2024-04-23 02:03:10.505 UTC [1519] LOG:  database system is ready to accept connections
2024-04-23 05:40:25.974 UTC [1519] LOG:  received smart shutdown request
2024-04-23 05:40:26.119 UTC [1519] LOG:  background worker "logical replication launcher" (PID 1589) exited with exit code 1
2024-04-23 05:40:26.129 UTC [1581] LOG:  shutting down
2024-04-23 05:40:26.212 UTC [1519] LOG:  database system is shut down
2024-04-24 23:39:53.608 UTC [1516] LOG:  starting PostgreSQL 13.14 (Ubuntu 13.14-1.pgdg20.04+1) on aarch64-unknown-linux-gnu, compiled by gcc (Ubuntu 9.4.0-1ubuntu1~20.04.2) 9.4.0, 64-bit
2024-04-24 23:39:53.609 UTC [1516] LOG:  listening on IPv4 address "127.0.0.1", port 5432
2024-04-24 23:39:53.612 UTC [1516] LOG:  listening on Unix socket "/tmp/appsmith/pg-runtime/.s.PGSQL.5432"
2024-04-24 23:39:53.635 UTC [1552] LOG:  database system was shut down at 2024-04-23 05:40:26 UTC
2024-04-24 23:39:53.656 UTC [1516] LOG:  database system is ready to accept connections
2024-04-24 23:47:53.979 UTC [1516] LOG:  received smart shutdown request
2024-04-24 23:47:54.001 UTC [1516] LOG:  background worker "logical replication launcher" (PID 1564) exited with exit code 1
2024-04-24 23:47:54.002 UTC [1559] LOG:  shutting down
2024-04-24 23:47:54.027 UTC [1516] LOG:  database system is shut down
2024-04-25 02:55:08.583 UTC [1512] LOG:  starting PostgreSQL 13.14 (Ubuntu 13.14-1.pgdg20.04+1) on aarch64-unknown-linux-gnu, compiled by gcc (Ubuntu 9.4.0-1ubuntu1~20.04.2) 9.4.0, 64-bit
2024-04-25 02:55:08.584 UTC [1512] LOG:  listening on IPv4 address "127.0.0.1", port 5432
2024-04-25 02:55:08.589 UTC [1512] LOG:  listening on Unix socket "/tmp/appsmith/pg-runtime/.s.PGSQL.5432"
2024-04-25 02:55:08.601 UTC [1546] LOG:  database system was shut down at 2024-04-24 23:47:54 UTC
2024-04-25 02:55:08.617 UTC [1512] LOG:  database system is ready to accept connections
2024-04-25 03:02:07.880 UTC [1512] LOG:  received smart shutdown request
2024-04-25 03:02:07.917 UTC [1512] LOG:  background worker "logical replication launcher" (PID 1553) exited with exit code 1
2024-04-25 03:02:07.918 UTC [1548] LOG:  shutting down
2024-04-25 03:02:07.942 UTC [1512] LOG:  database system is shut down
2024-04-25 05:57:38.798 UTC [1515] LOG:  starting PostgreSQL 13.14 (Ubuntu 13.14-1.pgdg20.04+1) on aarch64-unknown-linux-gnu, compiled by gcc (Ubuntu 9.4.0-1ubuntu1~20.04.2) 9.4.0, 64-bit
2024-04-25 05:57:38.798 UTC [1515] LOG:  listening on IPv4 address "127.0.0.1", port 5432
2024-04-25 05:57:38.804 UTC [1515] LOG:  listening on Unix socket "/tmp/appsmith/pg-runtime/.s.PGSQL.5432"
2024-04-25 05:57:38.830 UTC [1549] LOG:  database system was shut down at 2024-04-25 03:02:07 UTC
2024-04-25 05:57:38.848 UTC [1515] LOG:  database system is ready to accept connections
2024-04-25 08:14:44.906 UTC [1515] LOG:  received smart shutdown request
2024-04-25 08:14:44.980 UTC [1515] LOG:  background worker "logical replication launcher" (PID 1558) exited with exit code 1
2024-04-25 08:14:44.984 UTC [1553] LOG:  shutting down
2024-04-25 08:14:45.040 UTC [1515] LOG:  database system is shut down
