1780:C 22 Apr 2024 04:24:34.052 # oO0OoO0OoO0Oo Redis is starting oO0OoO0OoO0Oo
1780:C 22 Apr 2024 04:24:34.052 # Redis version=5.0.7, bits=64, commit=00000000, modified=0, pid=1780, just started
1780:C 22 Apr 2024 04:24:34.052 # Configuration loaded
1780:M 22 Apr 2024 04:24:34.060 * Running mode=standalone, port=6379.
1780:M 22 Apr 2024 04:24:34.060 # Server initialized
1780:M 22 Apr 2024 04:24:34.060 # WARNING you have Transparent Huge Pages (THP) support enabled in your kernel. This will create latency and memory usage issues with Redis. To fix this issue run the command 'echo never > /sys/kernel/mm/transparent_hugepage/enabled' as root, and add it to your /etc/rc.local in order to retain the setting after a reboot. Redis must be restarted after THP is disabled.
1780:M 22 Apr 2024 04:24:34.062 * Ready to accept connections
1780:M 22 Apr 2024 04:25:21.044 * 1 changes in 15 seconds. Saving...
1780:M 22 Apr 2024 04:25:21.068 * Background saving started by pid 2127
2127:C 22 Apr 2024 04:25:21.080 * DB saved on disk
2127:C 22 Apr 2024 04:25:21.083 * RDB: 0 MB of memory used by copy-on-write
1780:M 22 Apr 2024 04:25:21.170 * Background saving terminated with success
1530:C 22 Apr 2024 04:34:48.745 # oO0OoO0OoO0Oo Redis is starting oO0OoO0OoO0Oo
1530:C 22 Apr 2024 04:34:48.745 # Redis version=5.0.7, bits=64, commit=00000000, modified=0, pid=1530, just started
1530:C 22 Apr 2024 04:34:48.745 # Configuration loaded
1530:M 22 Apr 2024 04:34:48.752 * Running mode=standalone, port=6379.
1530:M 22 Apr 2024 04:34:48.752 # Server initialized
1530:M 22 Apr 2024 04:34:48.752 # WARNING you have Transparent Huge Pages (THP) support enabled in your kernel. This will create latency and memory usage issues with Redis. To fix this issue run the command 'echo never > /sys/kernel/mm/transparent_hugepage/enabled' as root, and add it to your /etc/rc.local in order to retain the setting after a reboot. Redis must be restarted after THP is disabled.
1530:M 22 Apr 2024 04:34:48.753 * DB loaded from disk: 0.002 seconds
1530:M 22 Apr 2024 04:34:48.753 * Ready to accept connections
1530:signal-handler (1713760518) Received SIGTERM scheduling shutdown...
1530:M 22 Apr 2024 04:35:18.610 # User requested shutdown...
1530:M 22 Apr 2024 04:35:18.610 * Saving the final RDB snapshot before exiting.
1530:M 22 Apr 2024 04:35:18.612 * DB saved on disk
1530:M 22 Apr 2024 04:35:18.612 # Redis is now ready to exit, bye bye...
1513:C 22 Apr 2024 04:58:38.635 # oO0OoO0OoO0Oo Redis is starting oO0OoO0OoO0Oo
1513:C 22 Apr 2024 04:58:38.635 # Redis version=5.0.7, bits=64, commit=00000000, modified=0, pid=1513, just started
1513:C 22 Apr 2024 04:58:38.635 # Configuration loaded
1513:M 22 Apr 2024 04:58:38.648 * Running mode=standalone, port=6379.
1513:M 22 Apr 2024 04:58:38.648 # Server initialized
1513:M 22 Apr 2024 04:58:38.648 # WARNING you have Transparent Huge Pages (THP) support enabled in your kernel. This will create latency and memory usage issues with Redis. To fix this issue run the command 'echo never > /sys/kernel/mm/transparent_hugepage/enabled' as root, and add it to your /etc/rc.local in order to retain the setting after a reboot. Redis must be restarted after THP is disabled.
1513:M 22 Apr 2024 04:58:38.649 * DB loaded from disk: 0.001 seconds
1513:M 22 Apr 2024 04:58:38.649 * Ready to accept connections
1513:signal-handler (1713767454) Received SIGTERM scheduling shutdown...
1513:M 22 Apr 2024 06:30:54.809 # User requested shutdown...
1513:M 22 Apr 2024 06:30:54.809 * Saving the final RDB snapshot before exiting.
1513:M 22 Apr 2024 06:30:54.812 * DB saved on disk
1513:M 22 Apr 2024 06:30:54.812 # Redis is now ready to exit, bye bye...
1510:C 22 Apr 2024 06:30:58.404 # oO0OoO0OoO0Oo Redis is starting oO0OoO0OoO0Oo
1510:C 22 Apr 2024 06:30:58.404 # Redis version=5.0.7, bits=64, commit=00000000, modified=0, pid=1510, just started
1510:C 22 Apr 2024 06:30:58.404 # Configuration loaded
1510:M 22 Apr 2024 06:30:58.406 * Running mode=standalone, port=6379.
1510:M 22 Apr 2024 06:30:58.406 # Server initialized
1510:M 22 Apr 2024 06:30:58.406 # WARNING you have Transparent Huge Pages (THP) support enabled in your kernel. This will create latency and memory usage issues with Redis. To fix this issue run the command 'echo never > /sys/kernel/mm/transparent_hugepage/enabled' as root, and add it to your /etc/rc.local in order to retain the setting after a reboot. Redis must be restarted after THP is disabled.
1510:M 22 Apr 2024 06:30:58.408 * DB loaded from disk: 0.001 seconds
1510:M 22 Apr 2024 06:30:58.408 * Ready to accept connections
1530:C 22 Apr 2024 06:32:58.293 # oO0OoO0OoO0Oo Redis is starting oO0OoO0OoO0Oo
1530:C 22 Apr 2024 06:32:58.293 # Redis version=5.0.7, bits=64, commit=00000000, modified=0, pid=1530, just started
1530:C 22 Apr 2024 06:32:58.293 # Configuration loaded
1530:M 22 Apr 2024 06:32:58.299 * Running mode=standalone, port=6379.
1530:M 22 Apr 2024 06:32:58.299 # Server initialized
1530:M 22 Apr 2024 06:32:58.299 # WARNING you have Transparent Huge Pages (THP) support enabled in your kernel. This will create latency and memory usage issues with Redis. To fix this issue run the command 'echo never > /sys/kernel/mm/transparent_hugepage/enabled' as root, and add it to your /etc/rc.local in order to retain the setting after a reboot. Redis must be restarted after THP is disabled.
1530:M 22 Apr 2024 06:32:58.301 * DB loaded from disk: 0.002 seconds
1530:M 22 Apr 2024 06:32:58.301 * Ready to accept connections
1530:M 22 Apr 2024 06:33:31.689 * 1 changes in 15 seconds. Saving...
1530:M 22 Apr 2024 06:33:31.690 * Background saving started by pid 1846
1846:C 22 Apr 2024 06:33:31.693 * DB saved on disk
1846:C 22 Apr 2024 06:33:31.693 * RDB: 0 MB of memory used by copy-on-write
1530:M 22 Apr 2024 06:33:31.791 * Background saving terminated with success
1530:M 22 Apr 2024 06:33:47.069 * 1 changes in 15 seconds. Saving...
1530:M 22 Apr 2024 06:33:47.074 * Background saving started by pid 1861
1861:C 22 Apr 2024 06:33:47.081 * DB saved on disk
1861:C 22 Apr 2024 06:33:47.082 * RDB: 0 MB of memory used by copy-on-write
1530:M 22 Apr 2024 06:33:47.177 * Background saving terminated with success
1530:M 22 Apr 2024 11:00:47.678 * 1 changes in 15 seconds. Saving...
1530:M 22 Apr 2024 11:00:47.679 * Background saving started by pid 3166
3166:C 22 Apr 2024 11:00:47.680 * DB saved on disk
3166:C 22 Apr 2024 11:00:47.681 * RDB: 0 MB of memory used by copy-on-write
1530:M 22 Apr 2024 11:00:47.780 * Background saving terminated with success
1530:M 22 Apr 2024 11:01:03.037 * 1 changes in 15 seconds. Saving...
1530:M 22 Apr 2024 11:01:03.038 * Background saving started by pid 3178
3178:C 22 Apr 2024 11:01:03.042 * DB saved on disk
3178:C 22 Apr 2024 11:01:03.044 * RDB: 0 MB of memory used by copy-on-write
1530:M 22 Apr 2024 11:01:03.139 * Background saving terminated with success
1530:M 22 Apr 2024 13:51:18.382 * 1 changes in 15 seconds. Saving...
1530:M 22 Apr 2024 13:51:18.382 * Background saving started by pid 8391
8391:C 22 Apr 2024 13:51:18.384 * DB saved on disk
8391:C 22 Apr 2024 13:51:18.384 * RDB: 0 MB of memory used by copy-on-write
1530:M 22 Apr 2024 13:51:18.486 * Background saving terminated with success
1530:M 22 Apr 2024 14:08:24.279 * 1 changes in 15 seconds. Saving...
1530:M 22 Apr 2024 14:08:24.280 * Background saving started by pid 8403
8403:C 22 Apr 2024 14:08:24.283 * DB saved on disk
8403:C 22 Apr 2024 14:08:24.284 * RDB: 0 MB of memory used by copy-on-write
1530:M 22 Apr 2024 14:08:24.385 * Background saving terminated with success
1530:M 22 Apr 2024 17:03:17.383 * 1 changes in 15 seconds. Saving...
1530:M 22 Apr 2024 17:03:17.383 * Background saving started by pid 9703
9703:C 22 Apr 2024 17:03:17.385 * DB saved on disk
9703:C 22 Apr 2024 17:03:17.385 * RDB: 0 MB of memory used by copy-on-write
1530:M 22 Apr 2024 17:03:17.484 * Background saving terminated with success
1530:M 22 Apr 2024 17:03:33.003 * 1 changes in 15 seconds. Saving...
1530:M 22 Apr 2024 17:03:33.004 * Background saving started by pid 9715
9715:C 22 Apr 2024 17:03:33.009 * DB saved on disk
9715:C 22 Apr 2024 17:03:33.010 * RDB: 0 MB of memory used by copy-on-write
1530:M 22 Apr 2024 17:03:33.110 * Background saving terminated with success
1530:signal-handler (1713808263) Received SIGTERM scheduling shutdown...
1530:M 22 Apr 2024 17:51:03.852 # User requested shutdown...
1530:M 22 Apr 2024 17:51:03.852 * Saving the final RDB snapshot before exiting.
1530:M 22 Apr 2024 17:51:03.859 * DB saved on disk
1530:M 22 Apr 2024 17:51:03.859 # Redis is now ready to exit, bye bye...
1511:C 23 Apr 2024 02:03:10.253 # oO0OoO0OoO0Oo Redis is starting oO0OoO0OoO0Oo
1511:C 23 Apr 2024 02:03:10.253 # Redis version=5.0.7, bits=64, commit=00000000, modified=0, pid=1511, just started
1511:C 23 Apr 2024 02:03:10.253 # Configuration loaded
1511:M 23 Apr 2024 02:03:10.270 * Running mode=standalone, port=6379.
1511:M 23 Apr 2024 02:03:10.270 # Server initialized
1511:M 23 Apr 2024 02:03:10.270 # WARNING you have Transparent Huge Pages (THP) support enabled in your kernel. This will create latency and memory usage issues with Redis. To fix this issue run the command 'echo never > /sys/kernel/mm/transparent_hugepage/enabled' as root, and add it to your /etc/rc.local in order to retain the setting after a reboot. Redis must be restarted after THP is disabled.
1511:M 23 Apr 2024 02:03:10.272 * DB loaded from disk: 0.002 seconds
1511:M 23 Apr 2024 02:03:10.272 * Ready to accept connections
1511:M 23 Apr 2024 02:03:38.180 * 1 changes in 15 seconds. Saving...
1511:M 23 Apr 2024 02:03:38.182 * Background saving started by pid 1828
1828:C 23 Apr 2024 02:03:38.185 * DB saved on disk
1828:C 23 Apr 2024 02:03:38.185 * RDB: 0 MB of memory used by copy-on-write
1511:M 23 Apr 2024 02:03:38.283 * Background saving terminated with success
1511:M 23 Apr 2024 02:03:54.053 * 1 changes in 15 seconds. Saving...
1511:M 23 Apr 2024 02:03:54.055 * Background saving started by pid 1841
1841:C 23 Apr 2024 02:03:54.060 * DB saved on disk
1841:C 23 Apr 2024 02:03:54.061 * RDB: 0 MB of memory used by copy-on-write
1511:M 23 Apr 2024 02:03:54.157 * Background saving terminated with success
1511:M 23 Apr 2024 04:14:09.083 * 1 changes in 15 seconds. Saving...
1511:M 23 Apr 2024 04:14:09.088 * Background saving started by pid 7024
7024:C 23 Apr 2024 04:14:09.093 * DB saved on disk
7024:C 23 Apr 2024 04:14:09.096 * RDB: 0 MB of memory used by copy-on-write
1511:M 23 Apr 2024 04:14:09.202 * Background saving terminated with success
1511:M 23 Apr 2024 04:14:25.074 * 1 changes in 15 seconds. Saving...
1511:M 23 Apr 2024 04:14:25.081 * Background saving started by pid 7036
7036:C 23 Apr 2024 04:14:25.089 * DB saved on disk
7036:C 23 Apr 2024 04:14:25.095 * RDB: 0 MB of memory used by copy-on-write
1511:M 23 Apr 2024 04:14:25.188 * Background saving terminated with success
1511:signal-handler (1713850834) Received SIGTERM scheduling shutdown...
1511:M 23 Apr 2024 05:40:34.553 # User requested shutdown...
1511:M 23 Apr 2024 05:40:34.554 * Saving the final RDB snapshot before exiting.
1511:M 23 Apr 2024 05:40:34.558 * DB saved on disk
1511:M 23 Apr 2024 05:40:34.558 # Redis is now ready to exit, bye bye...
1509:C 24 Apr 2024 23:39:53.506 # oO0OoO0OoO0Oo Redis is starting oO0OoO0OoO0Oo
1509:C 24 Apr 2024 23:39:53.506 # Redis version=5.0.7, bits=64, commit=00000000, modified=0, pid=1509, just started
1509:C 24 Apr 2024 23:39:53.506 # Configuration loaded
1509:M 24 Apr 2024 23:39:53.514 * Running mode=standalone, port=6379.
1509:M 24 Apr 2024 23:39:53.514 # Server initialized
1509:M 24 Apr 2024 23:39:53.514 # WARNING you have Transparent Huge Pages (THP) support enabled in your kernel. This will create latency and memory usage issues with Redis. To fix this issue run the command 'echo never > /sys/kernel/mm/transparent_hugepage/enabled' as root, and add it to your /etc/rc.local in order to retain the setting after a reboot. Redis must be restarted after THP is disabled.
1509:M 24 Apr 2024 23:39:53.521 * DB loaded from disk: 0.007 seconds
1509:M 24 Apr 2024 23:39:53.521 * Ready to accept connections
1509:M 24 Apr 2024 23:40:31.111 * 1 changes in 15 seconds. Saving...
1509:M 24 Apr 2024 23:40:31.113 * Background saving started by pid 1825
1825:C 24 Apr 2024 23:40:31.118 * DB saved on disk
1825:C 24 Apr 2024 23:40:31.121 * RDB: 0 MB of memory used by copy-on-write
1509:M 24 Apr 2024 23:40:31.214 * Background saving terminated with success
1509:M 24 Apr 2024 23:40:47.051 * 1 changes in 15 seconds. Saving...
1509:M 24 Apr 2024 23:40:47.066 * Background saving started by pid 1839
1839:C 24 Apr 2024 23:40:47.082 * DB saved on disk
1839:C 24 Apr 2024 23:40:47.082 * RDB: 0 MB of memory used by copy-on-write
1509:M 24 Apr 2024 23:40:47.167 * Background saving terminated with success
1509:signal-handler (1714002479) Received SIGTERM scheduling shutdown...
1509:M 24 Apr 2024 23:47:59.882 # User requested shutdown...
1509:M 24 Apr 2024 23:47:59.882 * Saving the final RDB snapshot before exiting.
1509:M 24 Apr 2024 23:47:59.884 * DB saved on disk
1509:M 24 Apr 2024 23:47:59.884 # Redis is now ready to exit, bye bye...
1504:C 25 Apr 2024 02:55:08.485 # oO0OoO0OoO0Oo Redis is starting oO0OoO0OoO0Oo
1504:C 25 Apr 2024 02:55:08.485 # Redis version=5.0.7, bits=64, commit=00000000, modified=0, pid=1504, just started
1504:C 25 Apr 2024 02:55:08.485 # Configuration loaded
1504:M 25 Apr 2024 02:55:08.500 * Running mode=standalone, port=6379.
1504:M 25 Apr 2024 02:55:08.500 # Server initialized
1504:M 25 Apr 2024 02:55:08.501 # WARNING you have Transparent Huge Pages (THP) support enabled in your kernel. This will create latency and memory usage issues with Redis. To fix this issue run the command 'echo never > /sys/kernel/mm/transparent_hugepage/enabled' as root, and add it to your /etc/rc.local in order to retain the setting after a reboot. Redis must be restarted after THP is disabled.
1504:M 25 Apr 2024 02:55:08.503 * DB loaded from disk: 0.002 seconds
1504:M 25 Apr 2024 02:55:08.503 * Ready to accept connections
1504:M 25 Apr 2024 02:55:45.121 * 1 changes in 15 seconds. Saving...
1504:M 25 Apr 2024 02:55:45.123 * Background saving started by pid 1826
1826:C 25 Apr 2024 02:55:45.128 * DB saved on disk
1826:C 25 Apr 2024 02:55:45.129 * RDB: 0 MB of memory used by copy-on-write
1504:M 25 Apr 2024 02:55:45.226 * Background saving terminated with success
1504:M 25 Apr 2024 02:56:01.027 * 1 changes in 15 seconds. Saving...
1504:M 25 Apr 2024 02:56:01.032 * Background saving started by pid 1839
1839:C 25 Apr 2024 02:56:01.037 * DB saved on disk
1839:C 25 Apr 2024 02:56:01.038 * RDB: 0 MB of memory used by copy-on-write
1504:M 25 Apr 2024 02:56:01.134 * Background saving terminated with success
1504:signal-handler (1714014135) Received SIGTERM scheduling shutdown...
1504:M 25 Apr 2024 03:02:15.224 # User requested shutdown...
1504:M 25 Apr 2024 03:02:15.224 * Saving the final RDB snapshot before exiting.
1504:M 25 Apr 2024 03:02:15.227 * DB saved on disk
1504:M 25 Apr 2024 03:02:15.227 # Redis is now ready to exit, bye bye...
1505:C 25 Apr 2024 05:57:38.721 # oO0OoO0OoO0Oo Redis is starting oO0OoO0OoO0Oo
1505:C 25 Apr 2024 05:57:38.721 # Redis version=5.0.7, bits=64, commit=00000000, modified=0, pid=1505, just started
1505:C 25 Apr 2024 05:57:38.721 # Configuration loaded
1505:M 25 Apr 2024 05:57:38.724 * Running mode=standalone, port=6379.
1505:M 25 Apr 2024 05:57:38.724 # Server initialized
1505:M 25 Apr 2024 05:57:38.724 # WARNING you have Transparent Huge Pages (THP) support enabled in your kernel. This will create latency and memory usage issues with Redis. To fix this issue run the command 'echo never > /sys/kernel/mm/transparent_hugepage/enabled' as root, and add it to your /etc/rc.local in order to retain the setting after a reboot. Redis must be restarted after THP is disabled.
1505:M 25 Apr 2024 05:57:38.725 * DB loaded from disk: 0.001 seconds
1505:M 25 Apr 2024 05:57:38.725 * Ready to accept connections
1505:M 25 Apr 2024 05:58:30.380 * 1 changes in 15 seconds. Saving...
1505:M 25 Apr 2024 05:58:30.390 * Background saving started by pid 1868
1868:C 25 Apr 2024 05:58:30.394 * DB saved on disk
1868:C 25 Apr 2024 05:58:30.395 * RDB: 0 MB of memory used by copy-on-write
1505:M 25 Apr 2024 05:58:30.492 * Background saving terminated with success
1505:M 25 Apr 2024 05:58:46.004 * 1 changes in 15 seconds. Saving...
1505:M 25 Apr 2024 05:58:46.012 * Background saving started by pid 1880
1880:C 25 Apr 2024 05:58:46.019 * DB saved on disk
1880:C 25 Apr 2024 05:58:46.021 * RDB: 0 MB of memory used by copy-on-write
1505:M 25 Apr 2024 05:58:46.114 * Background saving terminated with success
1505:signal-handler (1714032891) Received SIGTERM scheduling shutdown...
1505:M 25 Apr 2024 08:14:51.715 # User requested shutdown...
1505:M 25 Apr 2024 08:14:51.716 * Saving the final RDB snapshot before exiting.
1505:M 25 Apr 2024 08:14:51.721 * DB saved on disk
1505:M 25 Apr 2024 08:14:51.721 # Redis is now ready to exit, bye bye...
